<?xml version="1.0" encoding="utf-8"?><testsuites name="pytest tests"><testsuite name="pytest" errors="0" failures="0" skipped="0" tests="17" time="8.489" timestamp="2026-04-18T08:18:27.636472+00:00" hostname="agent-env-1bce276d-9f67-4991-964a-11907379e71e"><testcase classname="backend.tests.test_live_api.TestLiveStatus" name="test_live_status_returns_200" time="1.563" /><testcase classname="backend.tests.test_live_api.TestLiveStatus" name="test_live_status_has_required_fields" time="0.106" /><testcase classname="backend.tests.test_live_api.TestLiveTick" name="test_live_tick_returns_200" time="1.961" /><testcase classname="backend.tests.test_live_api.TestLiveTick" name="test_live_tick_returns_expected_schema" time="1.331" /><testcase classname="backend.tests.test_live_api.TestLiveStartStop" name="test_live_stop_then_status_shows_not_running" time="0.253" /><testcase classname="backend.tests.test_live_api.TestLiveStartStop" name="test_live_start_then_status_shows_running" time="1.461" /><testcase classname="backend.tests.test_live_api.TestLiveTicks" name="test_live_ticks_returns_200" time="0.104" /><testcase classname="backend.tests.test_live_api.TestLiveTicks" name="test_live_ticks_returns_expected_schema" time="0.103" /><testcase classname="backend.tests.test_live_api.TestLiveFolders" name="test_live_folders_returns_files_for_valid_alias" time="0.211" /><testcase classname="backend.tests.test_live_api.TestLiveFolders" name="test_live_folders_returns_404_for_unknown_alias" time="0.120" /><testcase classname="backend.tests.test_live_api.TestLiveIncidentDetails" name="test_live_incident_has_zoom_link" time="0.217" /><testcase classname="backend.tests.test_live_api.TestLiveIncidentDetails" name="test_live_incident_has_prediction" time="0.211" /><testcase classname="backend.tests.test_live_api.TestLiveIncidentDetails" name="test_live_incident_has_explanation" time="0.224" /><testcase classname="backend.tests.test_live_api.TestRegressionCoreEndpoints" name="test_health_still_works" time="0.104" /><testcase classname="backend.tests.test_live_api.TestRegressionCoreEndpoints" name="test_kpis_still_works" time="0.137" /><testcase classname="backend.tests.test_live_api.TestRegressionCoreEndpoints" name="test_model_still_works" time="0.100" /><testcase classname="backend.tests.test_live_api.TestRegressionCoreEndpoints" name="test_incidents_still_works" time="0.099" /></testsuite></testsuites>