<?xml version="1.0" encoding="utf-8"?><testsuites name="pytest tests"><testsuite name="pytest" errors="0" failures="0" skipped="0" tests="19" time="6.134" timestamp="2026-04-17T09:02:31.010300+00:00" hostname="agent-env-1bce276d-9f67-4991-964a-11907379e71e"><testcase classname="tests.test_noc_api.TestServiceHealth" name="test_root_returns_service_banner" time="0.277" /><testcase classname="tests.test_noc_api.TestServiceHealth" name="test_health_returns_ok_with_counts" time="0.146" /><testcase classname="tests.test_noc_api.TestKPIs" name="test_kpis_returns_numeric_fields" time="0.121" /><testcase classname="tests.test_noc_api.TestModelEndpoint" name="test_model_returns_loaded_with_metrics" time="0.107" /><testcase classname="tests.test_noc_api.TestIncidentsEndpoint" name="test_incidents_default_returns_3000_total" time="0.114" /><testcase classname="tests.test_noc_api.TestIncidentsEndpoint" name="test_incidents_severity_filter_sev1" time="0.113" /><testcase classname="tests.test_noc_api.TestIncidentsEndpoint" name="test_incidents_zoom_filter_yes" time="0.108" /><testcase classname="tests.test_noc_api.TestIncidentsEndpoint" name="test_incidents_search_filter" time="0.139" /><testcase classname="tests.test_noc_api.TestIncidentsEndpoint" name="test_incidents_pagination" time="0.150" /><testcase classname="tests.test_noc_api.TestIncidentsEndpoint" name="test_incident_by_alias_found" time="0.219" /><testcase classname="tests.test_noc_api.TestIncidentsEndpoint" name="test_incident_by_alias_not_found" time="0.149" /><testcase classname="tests.test_noc_api.TestPredictEndpoints" name="test_predict_sev1_returns_yes" time="0.137" /><testcase classname="tests.test_noc_api.TestPredictEndpoints" name="test_predict_sev4_low_features" time="0.114" /><testcase classname="tests.test_noc_api.TestPredictEndpoints" name="test_predict_batch" time="0.114" /><testcase classname="tests.test_noc_api.TestSeedAndTrain" name="test_seed_with_retrain" time="2.645" /><testcase classname="tests.test_noc_api.TestSeedAndTrain" name="test_train_endpoint" time="0.726" /><testcase classname="tests.test_noc_api.TestOCIClient" name="test_oci_health_mock_mode" time="0.160" /><testcase classname="tests.test_noc_api.TestOCIClient" name="test_oci_pull_mock_mode" time="0.401" /><testcase classname="tests.test_noc_api.TestDocsEndpoint" name="test_docs_architecture_returns_markdown" time="0.104" /></testsuite></testsuites>