<?xml version="1.0" encoding="utf-8"?><testsuites name="pytest tests"><testsuite name="pytest" errors="0" failures="0" skipped="0" tests="15" time="2.615" timestamp="2026-04-17T11:03:14.544038+00:00" hostname="agent-env-1bce276d-9f67-4991-964a-11907379e71e"><testcase classname="backend.tests.test_views_api.TestViewsCustomer" name="test_customer_view_returns_total_and_rows" time="0.450" /><testcase classname="backend.tests.test_views_api.TestViewsCustomer" name="test_customer_view_row_schema" time="0.223" /><testcase classname="backend.tests.test_views_api.TestViewsInstance" name="test_instance_view_returns_15_regions" time="0.231" /><testcase classname="backend.tests.test_views_api.TestViewsInstance" name="test_instance_view_row_schema" time="0.248" /><testcase classname="backend.tests.test_views_api.TestViewsAlarmLens" name="test_alarm_lens_returns_matrix_structure" time="0.102" /><testcase classname="backend.tests.test_views_api.TestViewsAlarmLens" name="test_alarm_lens_matrix_cell_counts" time="0.159" /><testcase classname="backend.tests.test_views_api.TestViewsClusterEvents" name="test_cluster_events_returns_multi_region_only" time="0.112" /><testcase classname="backend.tests.test_views_api.TestViewsClusterEvents" name="test_cluster_events_have_prediction" time="0.104" /><testcase classname="backend.tests.test_views_api.TestViewsServiceRequests" name="test_service_requests_returns_sev3_sev4_only" time="0.119" /><testcase classname="backend.tests.test_views_api.TestViewsServiceRequests" name="test_service_requests_have_sr_id_and_priority" time="0.109" /><testcase classname="backend.tests.test_views_api.TestViewsBlackouts" name="test_blackouts_returns_total_and_rows" time="0.105" /><testcase classname="backend.tests.test_views_api.TestViewsBlackouts" name="test_blackouts_row_schema" time="0.140" /><testcase classname="backend.tests.test_views_api.TestRegressionCoreEndpoints" name="test_health_still_works" time="0.161" /><testcase classname="backend.tests.test_views_api.TestRegressionCoreEndpoints" name="test_kpis_still_works" time="0.139" /><testcase classname="backend.tests.test_views_api.TestRegressionCoreEndpoints" name="test_incidents_still_works" time="0.110" /></testsuite></testsuites>